<?xml version="1.0" encoding="UTF-8"?>
<testsuite name="a4.InfixTest" tests="5" skipped="0" failures="1" errors="0" timestamp="2025-03-12T21:46:53" hostname="Bebes-MacBook-Air.local" time="0.047">
  <properties/>
  <testcase name="testInfixThrowsException" classname="a4.InfixTest" time="0.005"/>
  <testcase name="testExponent" classname="a4.InfixTest" time="0.004">
    <failure message="java.lang.AssertionError: Failed for expression: 4^2 expected:&lt;16.0&gt; but was:&lt;4.0&gt;" type="java.lang.AssertionError">java.lang.AssertionError: Failed for expression: 4^2 expected:&lt;16.0&gt; but was:&lt;4.0&gt;
	at org.junit.Assert.fail(Assert.java:89)
	at org.junit.Assert.failNotEquals(Assert.java:835)
	at org.junit.Assert.assertEquals(Assert.java:555)
	at a4.InfixTest.testExponent(InfixTest.java:55)
	at java.base/jdk.internal.reflect.DirectMethodHandleAccessor.invoke(Unknown Source)
	at java.base/java.lang.reflect.Method.invoke(Unknown Source)
	at org.junit.runners.model.FrameworkMethod$1.runReflectiveCall(FrameworkMethod.java:59)
	at org.junit.internal.runners.model.ReflectiveCallable.run(ReflectiveCallable.java:12)
	at org.junit.runners.model.FrameworkMethod.invokeExplosively(FrameworkMethod.java:56)
	at org.junit.internal.runners.statements.InvokeMethod.evaluate(InvokeMethod.java:17)
	at org.junit.runners.ParentRunner$3.evaluate(ParentRunner.java:306)
	at org.junit.runners.BlockJUnit4ClassRunner$1.evaluate(BlockJUnit4ClassRunner.java:100)
	at org.junit.runners.ParentRunner.runLeaf(ParentRunner.java:366)
	at org.junit.runners.BlockJUnit4ClassRunner.runChild(BlockJUnit4ClassRunner.java:103)
	at org.junit.runners.BlockJUnit4ClassRunner.runChild(BlockJUnit4ClassRunner.java:63)
	at org.junit.runners.ParentRunner$4.run(ParentRunner.java:331)
	at org.junit.runners.ParentRunner$1.schedule(ParentRunner.java:79)
	at org.junit.runners.ParentRunner.runChildren(ParentRunner.java:329)
	at org.junit.runners.ParentRunner.access$100(ParentRunner.java:66)
	at org.junit.runners.ParentRunner$2.evaluate(ParentRunner.java:293)
	at org.junit.runners.ParentRunner$3.evaluate(ParentRunner.java:306)
	at org.junit.runners.ParentRunner.run(ParentRunner.java:413)
	at org.gradle.api.internal.tasks.testing.junit.JUnitTestClassExecutor.runTestClass(JUnitTestClassExecutor.java:110)
	at org.gradle.api.internal.tasks.testing.junit.JUnitTestClassExecutor.execute(JUnitTestClassExecutor.java:58)
	at org.gradle.api.internal.tasks.testing.junit.JUnitTestClassExecutor.execute(JUnitTestClassExecutor.java:38)
	at org.gradle.api.internal.tasks.testing.junit.AbstractJUnitTestClassProcessor.processTestClass(AbstractJUnitTestClassProcessor.java:62)
	at org.gradle.api.internal.tasks.testing.SuiteTestClassProcessor.processTestClass(SuiteTestClassProcessor.java:51)
	at java.base/jdk.internal.reflect.DirectMethodHandleAccessor.invoke(Unknown Source)
	at java.base/java.lang.reflect.Method.invoke(Unknown Source)
	at org.gradle.internal.dispatch.ReflectionDispatch.dispatch(ReflectionDispatch.java:36)
	at org.gradle.internal.dispatch.ReflectionDispatch.dispatch(ReflectionDispatch.java:24)
	at org.gradle.internal.dispatch.ContextClassLoaderDispatch.dispatch(ContextClassLoaderDispatch.java:33)
	at org.gradle.internal.dispatch.ProxyDispatchAdapter$DispatchingInvocationHandler.invoke(ProxyDispatchAdapter.java:94)
	at jdk.proxy1/jdk.proxy1.$Proxy2.processTestClass(Unknown Source)
	at org.gradle.api.internal.tasks.testing.worker.TestWorker$2.run(TestWorker.java:176)
	at org.gradle.api.internal.tasks.testing.worker.TestWorker.executeAndMaintainThreadName(TestWorker.java:129)
	at org.gradle.api.internal.tasks.testing.worker.TestWorker.execute(TestWorker.java:100)
	at org.gradle.api.internal.tasks.testing.worker.TestWorker.execute(TestWorker.java:60)
	at org.gradle.process.internal.worker.child.ActionExecutionWorker.execute(ActionExecutionWorker.java:56)
	at org.gradle.process.internal.worker.child.SystemApplicationClassLoaderWorker.call(SystemApplicationClassLoaderWorker.java:133)
	at org.gradle.process.internal.worker.child.SystemApplicationClassLoaderWorker.call(SystemApplicationClassLoaderWorker.java:71)
	at worker.org.gradle.process.internal.worker.GradleWorkerMain.run(GradleWorkerMain.java:69)
	at worker.org.gradle.process.internal.worker.GradleWorkerMain.main(GradleWorkerMain.java:74)
</failure>
  </testcase>
  <testcase name="testParen" classname="a4.InfixTest" time="0.024"/>
  <testcase name="testSimple" classname="a4.InfixTest" time="0.012"/>
  <testcase name="testSingle" classname="a4.InfixTest" time="0.001"/>
  <system-out><![CDATA[4.0
[(]
[(]
7.0
[(]
[(, (]
[(, (, (]
[(, (, (]
[(, (]
[(]
7.0
[(]
[+, (]
5.0
2.0
2.0
5.0
[(]
[+, (]
2.0
3.0
3.0
2.0
2.0
2.0
5.0
[(, +]
[+, (, +]
2.0
3.0
2.0
2.0
3.0
5.0
2.0
[(]
[(, (]
[+, (, (]
[(, +, (]
[+, (, +, (]
[+, (]
2.0
1.0
1.0
2.0
1.0
3.0
3.0
1.0
4.0
3.0
[(]
[-, (]
15.0
6.0
6.0
15.0
2.0
2.0
9.0
[(, -]
[-, (, -]
15.0
10.0
2.0
2.0
10.0
8.0
15.0
[(]
[*, (]
3.5
4.0
4.0
3.5
0.5
0.5
14.0
[(, *]
[*, (, *]
0.5
4.0
3.5
3.5
4.0
14.0
0.5
[(, /]
[/, (, /]
70.0
100.0
10.0
10.0
100.0
10.0
70.0
[(]
[/, (]
42.0
2.0
2.0
42.0
3.0
3.0
21.0
[(]
[+, (]
11.0
3.0
3.0
11.0
2.0
2.0
14.0
[(, *]
[+, (, *]
0.1
35.0
35.0
35.0
35.0
70.0
0.1
[(, /]
[-, (, /]
70.0
13.0
8.0
8.0
13.0
5.0
70.0
2.0
2.0
14.0
[(]
[-, (]
9.0
1.0
1.0
9.0
1.0
1.0
8.0
[(]
[(]
[(, -]
[(, -]
9.0
2.0
2.0
9.0
[(]
[(, (]
[(, (, (]
[(, (, (, (]
[(, (, (, (, (]
[+, (, (, (, (, (]
[*, (, (, (, (]
[-, (, (, (]
[/, (, (]
[+, (]
1.0
2.0
2.0
1.0
3.0
3.0
3.0
1.0
1.0
9.0
4.0
4.0
8.0
5.0
5.0
2.0
[(]
[(, *, (]
[(, -, (, *, (]
[(, *, (, -, (, *, (]
[(, -, (, *, (, -, (, *, (]
[(, *, (, -, (, *, (, -, (, *, (]
[-, (, *, (, -, (, *, (, -, (, *, (]
[*, (, -, (, *, (, -, (, *, (]
[-, (, *, (, -, (, *, (]
[*, (, -, (, *, (]
[-, (, *, (]
[*, (]
7.0
5.0
4.0
5.0
4.0
5.0
4.0
4.0
5.0
1.0
4.0
4.0
5.0
1.0
4.0
4.0
5.0
1.0
7.0
[(]
[(, *, (]
[(, +, (, *, (]
[(, (, +, (, *, (]
[(, (, (, +, (, *, (]
[-, (, (, (, +, (, *, (]
[(, *, (, (, +, (, *, (]
[+, (, *, (, (, +, (, *, (]
[*, (, (, +, (, *, (]
[(, -, (, +, (, *, (]
[(, (, -, (, +, (, *, (]
[+, (, (, -, (, +, (, *, (]
[(, /, (, -, (, +, (, *, (]
[-, (, /, (, -, (, +, (, *, (]
[/, (, -, (, +, (, *, (]
[-, (, +, (, *, (]
[-, (, *, (]
[/, (]
5.0
1.0
7.0
4.0
4.0
7.0
1.0
3.0
3.0
1.0
4.0
3.0
6.0
9.0
9.0
6.0
7.0
2.0
2.0
7.0
5.0
15.0
3.0
12.0
9.0
1.0
3.0
3.0
10.0
7.0
5.0
0.2
0.2
35.0
25.0
25.0
175.0
6.0
1.0
1.0
6.0
2.0
3.0
3.0
2.0
2.0
2.0
5.0
1.0
1.0
1.0
1.0
1.0
1.0
2.0
1.0
1.0
3.0
1.0
1.0
4.0
1.0
1.0
5.0
1.0
1.0
6.0
10.0
3.0
3.0
10.0
15.0
6.0
6.0
15.0
2.0
2.0
9.0
12.0
1.0
1.0
12.0
1.0
1.0
11.0
1.0
1.0
10.0
1.0
1.0
9.0
1.0
1.0
8.0
7.0
1.0
1.0
7.0
0.2
35.0
35.0
0.2
7.0
1.0
1.0
7.0
1.0
1.0
7.0
1.0
1.0
7.0
1.0
1.0
7.0
1.0
1.0
7.0
1.0
1.0
7.0
14.0
2.0
2.0
14.0
70.0
5.0
5.0
70.0
2.0
2.0
14.0
1.0
2.0
3.0
3.0
2.0
6.0
1.0
0.0
1.0
1.0
0.0
2.0
3.0
3.0
2.0
6.0
-1.0
4.0
5.0
5.0
4.0
20.0
-7.0
6.0
6.0
13.0
2.0
4.0
4.0
2.0
1.0
1.0
8.0
15.0
2.0
4.0
4.0
2.0
8.0
15.0
18.0
2.0
2.0
18.0
2.0
2.0
9.0
11.0
8.0
2.0
2.0
8.0
4.0
11.0
10.0
2.0
2.0
10.0
5.0
5.0
12.0
10.0
5.0
5.0
10.0
2.0
2.0
5.0
70.0
4.0
4.0
70.0
40.0
40.0
280.0
70.0
5.0
5.0
70.0
0.5
0.5
14.0
100.0
10.0
10.0
100.0
9.0
3.0
3.0
9.0
3.0
10.0
3.14159
7.0
]]></system-out>
  <system-err><![CDATA[]]></system-err>
</testsuite>
